<?xml version="1.0" encoding="UTF-8"?>
<!-- Generated by org.testng.reporters.JUnitReportReporter -->
<testsuite hostname="GEBBSET17136" failures="0" tests="1" name="com.qa.TestCases.RecordQA_PDFFunction" time="121.819" errors="0" timestamp="2020-11-24T10:16:55 IST" skipped="0">
  <testcase classname="com.qa.TestCases.RecordQA_PDFFunction" name="RecordQATestflow" time="121.819"/>
</testsuite> <!-- com.qa.TestCases.RecordQA_PDFFunction -->
