<?xml version="1.0" encoding="UTF-8"?>
<!-- Generated by org.testng.reporters.JUnitReportReporter -->
<testsuite hostname="GEBBSET17136" failures="0" tests="1" name="com.qa.TestCases.Intake_Pooja" time="0.094" errors="0" timestamp="2020-09-18T23:55:23 IST" skipped="0">
  <testcase classname="com.qa.TestCases.Intake_Pooja" name="TC_TestCaseName" time="0.094"/>
</testsuite> <!-- com.qa.TestCases.Intake_Pooja -->
