<?xml version="1.0" encoding="UTF-8"?>
<!-- Generated by org.testng.reporters.JUnitReportReporter -->
<testsuite hostname="LAPTOP-552L93K0" failures="0" tests="1" name="com.qa.TestCases.E2E_Sanity_Flow_TC" time="741.336" errors="0" timestamp="2021-08-17T16:55:56 IST" skipped="0">
  <testcase classname="com.qa.TestCases.E2E_Sanity_Flow_TC" name="TC_ActivityLog" time="741.336"/>
  <system-out/>
</testsuite> <!-- com.qa.TestCases.E2E_Sanity_Flow_TC -->
