<?xml version="1.0" encoding="UTF-8"?>
<!-- Generated by org.testng.reporters.JUnitReportReporter -->
<testsuite hostname="GEBBSET17136" failures="0" tests="1" name="com.qa.TestCases.CodeReview" time="7336.643" errors="0" timestamp="2020-11-24T17:35:56 IST" skipped="0">
  <testcase classname="com.qa.TestCases.CodeReview" name="TC_CodeReview" time="7336.643"/>
</testsuite> <!-- com.qa.TestCases.CodeReview -->
