<?xml version="1.0" encoding="UTF-8"?>
<!-- Generated by org.testng.reporters.JUnitReportReporter -->
<testsuite hostname="GEBBSET17136" failures="0" tests="1" name="com.qa.TestCases.Abstraction_CCS" time="162.517" errors="0" timestamp="2020-12-24T16:51:33 IST" skipped="0">
  <testcase classname="com.qa.TestCases.Abstraction_CCS" name="TC_AddProvider_Pooja" time="162.517"/>
</testsuite> <!-- com.qa.TestCases.Abstraction_CCS -->
