<?xml version="1.0" encoding="UTF-8"?>
<!-- Generated by org.testng.reporters.JUnitReportReporter -->
<testsuite hostname="GEBBSET17136" failures="0" tests="1" name="com.qa.TestCases.Sampling" time="783.592" errors="0" timestamp="2020-11-25T16:33:26 IST" skipped="0">
  <testcase classname="com.qa.TestCases.Sampling" name="TC_Sampling" time="783.592"/>
</testsuite> <!-- com.qa.TestCases.Sampling -->
