<?xml version="1.0" encoding="UTF-8"?>
<!-- Generated by org.testng.reporters.JUnitReportReporter -->
<testsuite hostname="GEBBSET17136" failures="0" tests="1" name="com.qa.TestCases.AddProvider_Pooja" time="499.906" errors="0" timestamp="2020-11-24T10:16:56 IST" skipped="0">
  <testcase classname="com.qa.TestCases.AddProvider_Pooja" name="TC_AddProvider_Pooja" time="499.906"/>
</testsuite> <!-- com.qa.TestCases.AddProvider_Pooja -->
