<?xml version="1.0" encoding="UTF-8"?>
<!-- Generated by org.testng.reporters.JUnitReportReporter -->
<testsuite hostname="GEBBSET17136" failures="0" tests="1" name="com.qa.TestCases.QualityControl" time="35.549" errors="0" timestamp="2020-11-25T18:23:41 IST" skipped="0">
  <testcase classname="com.qa.TestCases.QualityControl" name="TC_QualityControl" time="35.549"/>
</testsuite> <!-- com.qa.TestCases.QualityControl -->
