<?xml version="1.0" encoding="UTF-8"?>
<!-- Generated by org.testng.reporters.JUnitReportReporter -->
<testsuite hostname="GEBBSET17136" failures="0" tests="1" name="com.qa.TestCases.AddressAllocationScreenTest" time="0.078" errors="0" timestamp="2020-11-24T10:16:56 IST" skipped="0">
  <testcase classname="com.qa.TestCases.AddressAllocationScreenTest" name="AdrsAllocScreenTest" time="0.078"/>
</testsuite> <!-- com.qa.TestCases.AddressAllocationScreenTest -->
