<?xml version="1.0" encoding="UTF-8"?>
<!-- Generated by org.testng.reporters.JUnitReportReporter -->
<testsuite hostname="GEBBSET17136" failures="0" tests="1" name="com.qa.TestCases.RecordQA_Testcase" time="118.785" errors="0" timestamp="2020-11-24T10:16:55 IST" skipped="0">
  <testcase classname="com.qa.TestCases.RecordQA_Testcase" name="TC_TestCaseName" time="118.785"/>
</testsuite> <!-- com.qa.TestCases.RecordQA_Testcase -->
