<?xml version="1.0" encoding="UTF-8"?>
<!-- Generated by org.testng.reporters.JUnitReportReporter -->
<testsuite hostname="GEBBSET17136" failures="0" tests="1" name="com.qa.TestCases.HEDISTest" time="0.001" errors="0" timestamp="2021-01-11T17:02:21 IST" skipped="0">
  <testcase classname="com.qa.TestCases.HEDISTest" name="TC_CodeReview" time="0.001"/>
</testsuite> <!-- com.qa.TestCases.HEDISTest -->
