<?xml version="1.0" encoding="UTF-8"?>
<!-- Generated by org.testng.reporters.JUnitReportReporter -->
<testsuite hostname="GEBBSET17136" failures="0" tests="1" name="com.qa.TestCases.ICRALogin_Testcase" time="30.576" errors="0" timestamp="2020-11-24T10:16:55 IST" skipped="0">
  <testcase classname="com.qa.TestCases.ICRALogin_Testcase" name="TC_ICRALogin_Testcase" time="30.576"/>
</testsuite> <!-- com.qa.TestCases.ICRALogin_Testcase -->
