<?xml version="1.0" encoding="UTF-8"?>
<!-- Generated by org.testng.reporters.JUnitReportReporter -->
<testsuite hostname="GEBBSET17136" failures="0" tests="1" name="com.qa.TestCases.ProviderTest" time="323.910" errors="0" timestamp="2020-11-24T10:16:56 IST" skipped="0">
  <testcase classname="com.qa.TestCases.ProviderTest" name="ProviderFlowTest" time="323.910"/>
</testsuite> <!-- com.qa.TestCases.ProviderTest -->
