<?xml version="1.0" encoding="UTF-8"?>
<!-- Generated by org.testng.reporters.JUnitReportReporter -->
<testsuite hostname="GEBBSET17069" failures="0" tests="1" name="com.qa.TestCases.ResetChart" time="50.110" errors="0" timestamp="2020-12-10T11:59:57 IST" skipped="0">
  <testcase classname="com.qa.TestCases.ResetChart" name="TC_CodeReview" time="50.110"/>
</testsuite> <!-- com.qa.TestCases.ResetChart -->
