<?xml version="1.0" encoding="UTF-8"?>
<!-- Generated by org.testng.reporters.JUnitReportReporter -->
<testsuite hostname="LAPTOP-552L93K0" failures="0" tests="1" name="com.qa.TestCases.Manager_Logic_Reports_Activity_Log_TC" time="17.591" errors="0" timestamp="2021-06-07T17:04:57 IST" skipped="0">
  <testcase classname="com.qa.TestCases.Manager_Logic_Reports_Activity_Log_TC" name="TC_ActivityLog" time="17.591"/>
  <system-out/>
</testsuite> <!-- com.qa.TestCases.Manager_Logic_Reports_Activity_Log_TC -->
