<?xml version="1.0" encoding="UTF-8"?>
<!-- Generated by org.testng.reporters.JUnitReportReporter -->
<testsuite hostname="GEBBSET17136" failures="0" tests="1" name="com.qa.TestCases.Manual_Batch_Creation" time="38.561" errors="0" timestamp="2020-07-02T15:37:49 IST" skipped="0">
  <testcase classname="com.qa.TestCases.Manual_Batch_Creation" name="TC_TestCaseName" time="38.561"/>
</testsuite> <!-- com.qa.TestCases.Manual_Batch_Creation -->
