<?xml version="1.0" encoding="UTF-8"?>
<!-- Generated by org.testng.reporters.JUnitReportReporter -->
<testsuite hostname="GEBBSET17136" failures="0" tests="1" name="com.qa.TestCases.ReportsTest" time="4001.331" errors="0" timestamp="2020-11-24T10:16:56 IST" skipped="0">
  <testcase classname="com.qa.TestCases.ReportsTest" name="ReportFlowTest" time="4001.331"/>
</testsuite> <!-- com.qa.TestCases.ReportsTest -->
