<?xml version="1.0" encoding="UTF-8"?>
<!-- Generated by org.testng.reporters.JUnitReportReporter -->
<testsuite hostname="GEBBSET17136" failures="0" tests="1" name="com.qa.TestCases.Login_Pooja" time="90.243" errors="0" timestamp="2020-11-24T10:16:55 IST" skipped="0">
  <testcase classname="com.qa.TestCases.Login_Pooja" name="TC_Login" time="90.243"/>
</testsuite> <!-- com.qa.TestCases.Login_Pooja -->
