<?xml version="1.0" encoding="UTF-8"?>
<!-- Generated by org.testng.reporters.JUnitReportReporter -->
<testsuite hostname="GEBBSET17136" failures="0" tests="1" name="com.qa.TestCases.ICRA_Intake_Dhanshri" time="4225.033" errors="0" timestamp="2020-11-24T10:16:56 IST" skipped="0">
  <testcase classname="com.qa.TestCases.ICRA_Intake_Dhanshri" name="TC_ICRA_Intake_Dhanshri" time="4225.033"/>
</testsuite> <!-- com.qa.TestCases.ICRA_Intake_Dhanshri -->
